[INFO] 19-02-2025 09:24:57 [main] [LogUtils] - Requesting inbox for domain: private
[ERROR] 19-02-2025 09:24:57 [main] [LogUtils] - Exception occurred while retrieving mail URL: Cannot invoke "com.aventstack.extentreports.ExtentTest.pass(String)" because the return value of "com.assured.report.ExtentTestManager.getExtentTest()" is null
[INFO] 19-02-2025 10:10:20 [main] [LogUtils] - Requesting inbox for domain: private
[INFO] 19-02-2025 10:10:24 [main] [LogUtils] - Inbox received with 1 messages
[INFO] 19-02-2025 10:10:24 [main] [LogUtils] - Found message with id: abc-1738505275-0961552951903 and subject: Onboarding Invite
[WARN] 19-02-2025 10:10:24 [main] [LogUtils] - No URL found in subject. Trying links API for message id: abc-1738505275-0961552951903
[INFO] 19-02-2025 10:10:24 [main] [LogUtils] - Retrieved URL from links API: https://u24054449.ct.sendgrid.net/ls/click?upn=u001.uKTWfX-2BO7Cb7TshAM6sZKbEPm9EMqm9C4ZEtr6uuLun9WzqgtnF82p3mwtRkl8l6kvdK8O79Pbe-2By3oL-2FOovgZm-2F4-2Fnu-2BaaY0QoP5Ooc3tRSHx5vWjOJhGFMoi4HPTZo-2BV26ZaUI5Qertnmtqx5URRmhLTPPX99T9SXxCmCfy0GC-2Fkt0tjJ0nKB19zuNsmhTi-2BuXkZ0k-2FP1AsgNUawbHw6ksuyIhr2SsaxVeD3n8PfU-3DKfdz_wpqQ2WcS-2FTzgSrvxM8UHDetjfCFgHfuIxVzML9eO2lwIPoEyH273FaJ0jkibRH-2Fhp4JWwSnIOL8-2FTbIemxt55uAEtKCZjInqzCnGvMAJJu0MvXNa0-2B0-2BjtAPFPxKlf1xv5OhjeeVotA3bMBtsE2ZsuMpJoxywsjrLYU9DaOdYtdIiDBrnoAzyUm8otudlfVn9uIUOAR2VRe6IUgL7E65IVkuvbusgIOKR8TwkMaeN4HFFdJDsq4GsIeCtWUMtyI95-2F2XuZSM4fdbjMKd-2F6aN8cU6kxRxWAR3D5e-2FGDU7C4FfQVzlqwiWESVTJboLzgn0a0C05VGe3pk30EvUsTshX5dNLOC4lwUYoTRfFA6xtl2jVKo-2Fs3QKljwkkEGfCHe2xP-2FPBAXb39g9tIl3lIXs15NwsP1N7s-2BnAQibrbYNnPRSAshWgUMUvs2yHs5utay0whZyBMCheJ1QN8zhVOBlLQ-3D-3D
[INFO] 19-02-2025 10:21:56 [main] [LogUtils] - Creating Playwright instance using factory method...
[INFO] 19-02-2025 10:23:53 [main] [LogUtils] - Warning !! Can not Load All File.
[INFO] 19-02-2025 10:23:58 [main] [LogUtils] - Page instance created: com.microsoft.playwright.impl.PageImpl@203e705e
[INFO] 19-02-2025 10:23:59 [main] [LogUtils] - Requesting inbox for domain: private
[INFO] 19-02-2025 10:24:03 [main] [LogUtils] - Inbox received with 1 messages
[INFO] 19-02-2025 10:24:03 [main] [LogUtils] - Found message with id: abc-1738505275-0961552951903 and subject: Onboarding Invite
[WARN] 19-02-2025 10:24:03 [main] [LogUtils] - No URL found in subject. Trying links API for message id: abc-1738505275-0961552951903
[INFO] 19-02-2025 10:24:04 [main] [LogUtils] - Retrieved URL from links API: https://u24054449.ct.sendgrid.net/ls/click?upn=u001.uKTWfX-2BO7Cb7TshAM6sZKbEPm9EMqm9C4ZEtr6uuLun9WzqgtnF82p3mwtRkl8l6kvdK8O79Pbe-2By3oL-2FOovgZm-2F4-2Fnu-2BaaY0QoP5Ooc3tRSHx5vWjOJhGFMoi4HPTZo-2BV26ZaUI5Qertnmtqx5URRmhLTPPX99T9SXxCmCfy0GC-2Fkt0tjJ0nKB19zuNsmhTi-2BuXkZ0k-2FP1AsgNUawbHw6ksuyIhr2SsaxVeD3n8PfU-3DKfdz_wpqQ2WcS-2FTzgSrvxM8UHDetjfCFgHfuIxVzML9eO2lwIPoEyH273FaJ0jkibRH-2Fhp4JWwSnIOL8-2FTbIemxt55uAEtKCZjInqzCnGvMAJJu0MvXNa0-2B0-2BjtAPFPxKlf1xv5OhjeeVotA3bMBtsE2ZsuMpJoxywsjrLYU9DaOdYtdIiDBrnoAzyUm8otudlfVn9uIUOAR2VRe6IUgL7E65IVkuvbusgIOKR8TwkMaeN4HFFdJDsq4GsIeCtWUMtyI95-2F2XuZSM4fdbjMKd-2F6aN8cU6kxRxWAR3D5e-2FGDU7C4FfQVzlqwiWESVTJboLzgn0a0C05VGe3pk30EvUsTshX5dNLOC4lwUYoTRfFA6xtl2jVKo-2Fs3QKljwkkEGfCHe2xP-2FPBAXb39g9tIl3lIXs15NwsP1N7s-2BnAQibrbYNnPRSAshWgUMUvs2yHs5utay0whZyBMCheJ1QN8zhVOBlLQ-3D-3D
[INFO] 19-02-2025 10:24:04 [main] [LogUtils] - Navigating to URL: https://u24054449.ct.sendgrid.net/ls/click?upn=u001.uKTWfX-2BO7Cb7TshAM6sZKbEPm9EMqm9C4ZEtr6uuLun9WzqgtnF82p3mwtRkl8l6kvdK8O79Pbe-2By3oL-2FOovgZm-2F4-2Fnu-2BaaY0QoP5Ooc3tRSHx5vWjOJhGFMoi4HPTZo-2BV26ZaUI5Qertnmtqx5URRmhLTPPX99T9SXxCmCfy0GC-2Fkt0tjJ0nKB19zuNsmhTi-2BuXkZ0k-2FP1AsgNUawbHw6ksuyIhr2SsaxVeD3n8PfU-3DKfdz_wpqQ2WcS-2FTzgSrvxM8UHDetjfCFgHfuIxVzML9eO2lwIPoEyH273FaJ0jkibRH-2Fhp4JWwSnIOL8-2FTbIemxt55uAEtKCZjInqzCnGvMAJJu0MvXNa0-2B0-2BjtAPFPxKlf1xv5OhjeeVotA3bMBtsE2ZsuMpJoxywsjrLYU9DaOdYtdIiDBrnoAzyUm8otudlfVn9uIUOAR2VRe6IUgL7E65IVkuvbusgIOKR8TwkMaeN4HFFdJDsq4GsIeCtWUMtyI95-2F2XuZSM4fdbjMKd-2F6aN8cU6kxRxWAR3D5e-2FGDU7C4FfQVzlqwiWESVTJboLzgn0a0C05VGe3pk30EvUsTshX5dNLOC4lwUYoTRfFA6xtl2jVKo-2Fs3QKljwkkEGfCHe2xP-2FPBAXb39g9tIl3lIXs15NwsP1N7s-2BnAQibrbYNnPRSAshWgUMUvs2yHs5utay0whZyBMCheJ1QN8zhVOBlLQ-3D-3D
[ERROR] 19-02-2025 10:24:06 [main] [LogUtils] - Failed to capture screenshot: Illegal char <:> at index 34: screenshots\navigate_19/02/2025 10:24:06.png
[INFO] 19-02-2025 10:24:09 [main] [LogUtils] - Closing browser and cleaning up...
[INFO] 19-02-2025 10:24:42 [main] [LogUtils] - Creating Playwright instance using factory method...
[INFO] 19-02-2025 10:24:53 [main] [LogUtils] - Warning !! Can not Load All File.
[INFO] 19-02-2025 10:24:57 [main] [LogUtils] - Page instance created: com.microsoft.playwright.impl.PageImpl@34c76167
[INFO] 19-02-2025 10:24:58 [main] [LogUtils] - Requesting inbox for domain: private
[INFO] 19-02-2025 10:25:02 [main] [LogUtils] - Inbox received with 1 messages
[INFO] 19-02-2025 10:25:02 [main] [LogUtils] - Found message with id: abc-1738505275-0961552951903 and subject: Onboarding Invite
[WARN] 19-02-2025 10:25:02 [main] [LogUtils] - No URL found in subject. Trying links API for message id: abc-1738505275-0961552951903
[INFO] 19-02-2025 10:25:03 [main] [LogUtils] - Retrieved URL from links API: https://u24054449.ct.sendgrid.net/ls/click?upn=u001.uKTWfX-2BO7Cb7TshAM6sZKbEPm9EMqm9C4ZEtr6uuLun9WzqgtnF82p3mwtRkl8l6kvdK8O79Pbe-2By3oL-2FOovgZm-2F4-2Fnu-2BaaY0QoP5Ooc3tRSHx5vWjOJhGFMoi4HPTZo-2BV26ZaUI5Qertnmtqx5URRmhLTPPX99T9SXxCmCfy0GC-2Fkt0tjJ0nKB19zuNsmhTi-2BuXkZ0k-2FP1AsgNUawbHw6ksuyIhr2SsaxVeD3n8PfU-3DKfdz_wpqQ2WcS-2FTzgSrvxM8UHDetjfCFgHfuIxVzML9eO2lwIPoEyH273FaJ0jkibRH-2Fhp4JWwSnIOL8-2FTbIemxt55uAEtKCZjInqzCnGvMAJJu0MvXNa0-2B0-2BjtAPFPxKlf1xv5OhjeeVotA3bMBtsE2ZsuMpJoxywsjrLYU9DaOdYtdIiDBrnoAzyUm8otudlfVn9uIUOAR2VRe6IUgL7E65IVkuvbusgIOKR8TwkMaeN4HFFdJDsq4GsIeCtWUMtyI95-2F2XuZSM4fdbjMKd-2F6aN8cU6kxRxWAR3D5e-2FGDU7C4FfQVzlqwiWESVTJboLzgn0a0C05VGe3pk30EvUsTshX5dNLOC4lwUYoTRfFA6xtl2jVKo-2Fs3QKljwkkEGfCHe2xP-2FPBAXb39g9tIl3lIXs15NwsP1N7s-2BnAQibrbYNnPRSAshWgUMUvs2yHs5utay0whZyBMCheJ1QN8zhVOBlLQ-3D-3D
[INFO] 19-02-2025 10:25:03 [main] [LogUtils] - Navigating to URL: https://u24054449.ct.sendgrid.net/ls/click?upn=u001.uKTWfX-2BO7Cb7TshAM6sZKbEPm9EMqm9C4ZEtr6uuLun9WzqgtnF82p3mwtRkl8l6kvdK8O79Pbe-2By3oL-2FOovgZm-2F4-2Fnu-2BaaY0QoP5Ooc3tRSHx5vWjOJhGFMoi4HPTZo-2BV26ZaUI5Qertnmtqx5URRmhLTPPX99T9SXxCmCfy0GC-2Fkt0tjJ0nKB19zuNsmhTi-2BuXkZ0k-2FP1AsgNUawbHw6ksuyIhr2SsaxVeD3n8PfU-3DKfdz_wpqQ2WcS-2FTzgSrvxM8UHDetjfCFgHfuIxVzML9eO2lwIPoEyH273FaJ0jkibRH-2Fhp4JWwSnIOL8-2FTbIemxt55uAEtKCZjInqzCnGvMAJJu0MvXNa0-2B0-2BjtAPFPxKlf1xv5OhjeeVotA3bMBtsE2ZsuMpJoxywsjrLYU9DaOdYtdIiDBrnoAzyUm8otudlfVn9uIUOAR2VRe6IUgL7E65IVkuvbusgIOKR8TwkMaeN4HFFdJDsq4GsIeCtWUMtyI95-2F2XuZSM4fdbjMKd-2F6aN8cU6kxRxWAR3D5e-2FGDU7C4FfQVzlqwiWESVTJboLzgn0a0C05VGe3pk30EvUsTshX5dNLOC4lwUYoTRfFA6xtl2jVKo-2Fs3QKljwkkEGfCHe2xP-2FPBAXb39g9tIl3lIXs15NwsP1N7s-2BnAQibrbYNnPRSAshWgUMUvs2yHs5utay0whZyBMCheJ1QN8zhVOBlLQ-3D-3D
[ERROR] 19-02-2025 10:25:05 [main] [LogUtils] - Failed to capture screenshot: Illegal char <:> at index 34: screenshots\navigate_19/02/2025 10:25:05.png
[INFO] 19-02-2025 10:25:13 [main] [LogUtils] - Closing browser and cleaning up...
[INFO] 19-02-2025 10:26:04 [main] [LogUtils] - Creating Playwright instance using factory method...
[INFO] 19-02-2025 10:26:14 [main] [LogUtils] - Warning !! Can not Load All File.
[INFO] 19-02-2025 10:26:18 [main] [LogUtils] - Page instance created: com.microsoft.playwright.impl.PageImpl@36211bbc
[INFO] 19-02-2025 10:26:19 [main] [LogUtils] - Requesting inbox for domain: private
[INFO] 19-02-2025 10:26:24 [main] [LogUtils] - Inbox received with 1 messages
[INFO] 19-02-2025 10:26:24 [main] [LogUtils] - Found message with id: abc-1738505275-0961552951903 and subject: Onboarding Invite
[WARN] 19-02-2025 10:26:24 [main] [LogUtils] - No URL found in subject. Trying links API for message id: abc-1738505275-0961552951903
[INFO] 19-02-2025 10:26:24 [main] [LogUtils] - Retrieved URL from links API: https://u24054449.ct.sendgrid.net/ls/click?upn=u001.uKTWfX-2BO7Cb7TshAM6sZKbEPm9EMqm9C4ZEtr6uuLun9WzqgtnF82p3mwtRkl8l6kvdK8O79Pbe-2By3oL-2FOovgZm-2F4-2Fnu-2BaaY0QoP5Ooc3tRSHx5vWjOJhGFMoi4HPTZo-2BV26ZaUI5Qertnmtqx5URRmhLTPPX99T9SXxCmCfy0GC-2Fkt0tjJ0nKB19zuNsmhTi-2BuXkZ0k-2FP1AsgNUawbHw6ksuyIhr2SsaxVeD3n8PfU-3DKfdz_wpqQ2WcS-2FTzgSrvxM8UHDetjfCFgHfuIxVzML9eO2lwIPoEyH273FaJ0jkibRH-2Fhp4JWwSnIOL8-2FTbIemxt55uAEtKCZjInqzCnGvMAJJu0MvXNa0-2B0-2BjtAPFPxKlf1xv5OhjeeVotA3bMBtsE2ZsuMpJoxywsjrLYU9DaOdYtdIiDBrnoAzyUm8otudlfVn9uIUOAR2VRe6IUgL7E65IVkuvbusgIOKR8TwkMaeN4HFFdJDsq4GsIeCtWUMtyI95-2F2XuZSM4fdbjMKd-2F6aN8cU6kxRxWAR3D5e-2FGDU7C4FfQVzlqwiWESVTJboLzgn0a0C05VGe3pk30EvUsTshX5dNLOC4lwUYoTRfFA6xtl2jVKo-2Fs3QKljwkkEGfCHe2xP-2FPBAXb39g9tIl3lIXs15NwsP1N7s-2BnAQibrbYNnPRSAshWgUMUvs2yHs5utay0whZyBMCheJ1QN8zhVOBlLQ-3D-3D
[INFO] 19-02-2025 10:26:24 [main] [LogUtils] - Navigating to URL: https://u24054449.ct.sendgrid.net/ls/click?upn=u001.uKTWfX-2BO7Cb7TshAM6sZKbEPm9EMqm9C4ZEtr6uuLun9WzqgtnF82p3mwtRkl8l6kvdK8O79Pbe-2By3oL-2FOovgZm-2F4-2Fnu-2BaaY0QoP5Ooc3tRSHx5vWjOJhGFMoi4HPTZo-2BV26ZaUI5Qertnmtqx5URRmhLTPPX99T9SXxCmCfy0GC-2Fkt0tjJ0nKB19zuNsmhTi-2BuXkZ0k-2FP1AsgNUawbHw6ksuyIhr2SsaxVeD3n8PfU-3DKfdz_wpqQ2WcS-2FTzgSrvxM8UHDetjfCFgHfuIxVzML9eO2lwIPoEyH273FaJ0jkibRH-2Fhp4JWwSnIOL8-2FTbIemxt55uAEtKCZjInqzCnGvMAJJu0MvXNa0-2B0-2BjtAPFPxKlf1xv5OhjeeVotA3bMBtsE2ZsuMpJoxywsjrLYU9DaOdYtdIiDBrnoAzyUm8otudlfVn9uIUOAR2VRe6IUgL7E65IVkuvbusgIOKR8TwkMaeN4HFFdJDsq4GsIeCtWUMtyI95-2F2XuZSM4fdbjMKd-2F6aN8cU6kxRxWAR3D5e-2FGDU7C4FfQVzlqwiWESVTJboLzgn0a0C05VGe3pk30EvUsTshX5dNLOC4lwUYoTRfFA6xtl2jVKo-2Fs3QKljwkkEGfCHe2xP-2FPBAXb39g9tIl3lIXs15NwsP1N7s-2BnAQibrbYNnPRSAshWgUMUvs2yHs5utay0whZyBMCheJ1QN8zhVOBlLQ-3D-3D
[ERROR] 19-02-2025 10:26:26 [main] [LogUtils] - Failed to capture screenshot: Illegal char <:> at index 34: screenshots\navigate_19/02/2025 10:26:26.png
[INFO] 19-02-2025 10:26:34 [main] [LogUtils] - Closing browser and cleaning up...
